Performing C SOURCE FILE Test CMAKE_HAVE_LIBC_PTHREAD failed with the following output:
Change Dir: /home/island/EDEN/catkin_ws/CMakeFiles/CMakeTmp

Run Build Command(s):/usr/bin/make -f Makefile cmTC_425db/fast && /usr/bin/make  -f CMakeFiles/cmTC_425db.dir/build.make CMakeFiles/cmTC_425db.dir/build
make[1]: 进入目录“/home/island/EDEN/catkin_ws/CMakeFiles/CMakeTmp”
Building C object CMakeFiles/cmTC_425db.dir/src.c.o
/usr/bin/cc -DCMAKE_HAVE_LIBC_PTHREAD   -o CMakeFiles/cmTC_425db.dir/src.c.o -c /home/island/EDEN/catkin_ws/CMakeFiles/CMakeTmp/src.c
Linking C executable cmTC_425db
/home/island/.local/lib/python3.8/site-packages/cmake/data/bin/cmake -E cmake_link_script CMakeFiles/cmTC_425db.dir/link.txt --verbose=1
/usr/bin/cc -rdynamic CMakeFiles/cmTC_425db.dir/src.c.o -o cmTC_425db 
/usr/bin/ld: CMakeFiles/cmTC_425db.dir/src.c.o: in function `main':
src.c:(.text+0x46): undefined reference to `pthread_create'
/usr/bin/ld: src.c:(.text+0x52): undefined reference to `pthread_detach'
/usr/bin/ld: src.c:(.text+0x5e): undefined reference to `pthread_cancel'
/usr/bin/ld: src.c:(.text+0x6f): undefined reference to `pthread_join'
collect2: error: ld returned 1 exit status
make[1]: *** [CMakeFiles/cmTC_425db.dir/build.make:99：cmTC_425db] 错误 1
make[1]: 离开目录“/home/island/EDEN/catkin_ws/CMakeFiles/CMakeTmp”
make: *** [Makefile:127：cmTC_425db/fast] 错误 2


Source file was:
#include <pthread.h>

static void* test_func(void* data)
{
  return data;
}

int main(void)
{
  pthread_t thread;
  pthread_create(&thread, NULL, test_func, NULL);
  pthread_detach(thread);
  pthread_cancel(thread);
  pthread_join(thread, NULL);
  pthread_atfork(NULL, NULL, NULL);
  pthread_exit(NULL);

  return 0;
}

Determining if the function pthread_create exists in the pthreads failed with the following output:
Change Dir: /home/island/EDEN/catkin_ws/CMakeFiles/CMakeTmp

Run Build Command(s):/usr/bin/make -f Makefile cmTC_4a2cb/fast && /usr/bin/make  -f CMakeFiles/cmTC_4a2cb.dir/build.make CMakeFiles/cmTC_4a2cb.dir/build
make[1]: 进入目录“/home/island/EDEN/catkin_ws/CMakeFiles/CMakeTmp”
Building C object CMakeFiles/cmTC_4a2cb.dir/CheckFunctionExists.c.o
/usr/bin/cc   -DCHECK_FUNCTION_EXISTS=pthread_create -o CMakeFiles/cmTC_4a2cb.dir/CheckFunctionExists.c.o -c /home/island/.local/lib/python3.8/site-packages/cmake/data/share/cmake-3.24/Modules/CheckFunctionExists.c
Linking C executable cmTC_4a2cb
/home/island/.local/lib/python3.8/site-packages/cmake/data/bin/cmake -E cmake_link_script CMakeFiles/cmTC_4a2cb.dir/link.txt --verbose=1
/usr/bin/cc  -DCHECK_FUNCTION_EXISTS=pthread_create -rdynamic CMakeFiles/cmTC_4a2cb.dir/CheckFunctionExists.c.o -o cmTC_4a2cb  -lpthreads 
/usr/bin/ld: 找不到 -lpthreads
collect2: error: ld returned 1 exit status
make[1]: *** [CMakeFiles/cmTC_4a2cb.dir/build.make:99：cmTC_4a2cb] 错误 1
make[1]: 离开目录“/home/island/EDEN/catkin_ws/CMakeFiles/CMakeTmp”
make: *** [Makefile:127：cmTC_4a2cb/fast] 错误 2



